{"C:\\Users\\HP\\OneDrive\\Desktop\\Evee\\SpringBoard\\express-biztime\\app.js": {"path":"C:\\Users\\HP\\OneDrive\\Desktop\\Evee\\SpringBoard\\express-biztime\\app.js","statementMap":{"0":{"start":{"line":6,"column":16},"end":{"line":6,"column":34}},"1":{"start":{"line":7,"column":21},"end":{"line":7,"column":46}},"2":{"start":{"line":9,"column":24},"end":{"line":9,"column":53}},"3":{"start":{"line":10,"column":23},"end":{"line":10,"column":51}},"4":{"start":{"line":11,"column":25},"end":{"line":11,"column":55}},"5":{"start":{"line":13,"column":12},"end":{"line":13,"column":21}},"6":{"start":{"line":15,"column":0},"end":{"line":15,"column":24}},"7":{"start":{"line":20,"column":0},"end":{"line":20,"column":39}},"8":{"start":{"line":21,"column":0},"end":{"line":21,"column":37}},"9":{"start":{"line":22,"column":0},"end":{"line":22,"column":41}},"10":{"start":{"line":27,"column":0},"end":{"line":30,"column":3}},"11":{"start":{"line":28,"column":14},"end":{"line":28,"column":48}},"12":{"start":{"line":29,"column":2},"end":{"line":29,"column":19}},"13":{"start":{"line":35,"column":0},"end":{"line":42,"column":3}},"14":{"start":{"line":36,"column":2},"end":{"line":36,"column":32}},"15":{"start":{"line":38,"column":2},"end":{"line":41,"column":5}},"16":{"start":{"line":45,"column":0},"end":{"line":45,"column":21}}},"fnMap":{"0":{"name":"(anonymous_0)","decl":{"start":{"line":27,"column":8},"end":{"line":27,"column":9}},"loc":{"start":{"line":27,"column":33},"end":{"line":30,"column":1}},"line":27},"1":{"name":"(anonymous_1)","decl":{"start":{"line":35,"column":8},"end":{"line":35,"column":9}},"loc":{"start":{"line":35,"column":33},"end":{"line":42,"column":1}},"line":35}},"branchMap":{"0":{"loc":{"start":{"line":36,"column":13},"end":{"line":36,"column":30}},"type":"binary-expr","locations":[{"start":{"line":36,"column":13},"end":{"line":36,"column":23}},{"start":{"line":36,"column":27},"end":{"line":36,"column":30}}],"line":36}},"s":{"0":3,"1":3,"2":3,"3":3,"4":3,"5":3,"6":3,"7":3,"8":3,"9":3,"10":3,"11":0,"12":0,"13":3,"14":2,"15":2,"16":3},"f":{"0":0,"1":2},"b":{"0":[2,0]},"_coverageSchema":"1a1c01bbd47fc00a2c39e90264f33305004495a9","hash":"a4a8d8ffceb489193e619fcb1f2ee91c89f4e12d"}
,"C:\\Users\\HP\\OneDrive\\Desktop\\Evee\\SpringBoard\\express-biztime\\db.js": {"path":"C:\\Users\\HP\\OneDrive\\Desktop\\Evee\\SpringBoard\\express-biztime\\db.js","statementMap":{"0":{"start":{"line":3,"column":19},"end":{"line":3,"column":32}},"1":{"start":{"line":5,"column":11},"end":{"line":11,"column":2}},"2":{"start":{"line":13,"column":0},"end":{"line":13,"column":13}},"3":{"start":{"line":15,"column":0},"end":{"line":15,"column":20}}},"fnMap":{},"branchMap":{},"s":{"0":3,"1":3,"2":3,"3":3},"f":{},"b":{},"_coverageSchema":"1a1c01bbd47fc00a2c39e90264f33305004495a9","hash":"cb232c3114df045ef4bb200d7b6713a5f386202a"}
,"C:\\Users\\HP\\OneDrive\\Desktop\\Evee\\SpringBoard\\express-biztime\\expressError.js": {"path":"C:\\Users\\HP\\OneDrive\\Desktop\\Evee\\SpringBoard\\express-biztime\\expressError.js","statementMap":{"0":{"start":{"line":9,"column":4},"end":{"line":9,"column":12}},"1":{"start":{"line":10,"column":4},"end":{"line":10,"column":27}},"2":{"start":{"line":11,"column":4},"end":{"line":11,"column":25}},"3":{"start":{"line":12,"column":4},"end":{"line":12,"column":30}},"4":{"start":{"line":17,"column":0},"end":{"line":17,"column":30}}},"fnMap":{"0":{"name":"(anonymous_0)","decl":{"start":{"line":8,"column":2},"end":{"line":8,"column":3}},"loc":{"start":{"line":8,"column":31},"end":{"line":13,"column":3}},"line":8}},"branchMap":{},"s":{"0":2,"1":2,"2":2,"3":2,"4":3},"f":{"0":2},"b":{},"_coverageSchema":"1a1c01bbd47fc00a2c39e90264f33305004495a9","hash":"886f17f9585636ce315a1407ef1cc35fb6342499"}
,"C:\\Users\\HP\\OneDrive\\Desktop\\Evee\\SpringBoard\\express-biztime\\routes\\companies.js": {"path":"C:\\Users\\HP\\OneDrive\\Desktop\\Evee\\SpringBoard\\express-biztime\\routes\\companies.js","statementMap":{"0":{"start":{"line":1,"column":16},"end":{"line":1,"column":34}},"1":{"start":{"line":2,"column":11},"end":{"line":2,"column":27}},"2":{"start":{"line":3,"column":21},"end":{"line":3,"column":47}},"3":{"start":{"line":4,"column":16},"end":{"line":4,"column":34}},"4":{"start":{"line":6,"column":15},"end":{"line":6,"column":35}},"5":{"start":{"line":8,"column":0},"end":{"line":22,"column":3}},"6":{"start":{"line":9,"column":2},"end":{"line":21,"column":3}},"7":{"start":{"line":10,"column":19},"end":{"line":14,"column":5}},"8":{"start":{"line":16,"column":4},"end":{"line":18,"column":7}},"9":{"start":{"line":20,"column":4},"end":{"line":20,"column":21}},"10":{"start":{"line":24,"column":0},"end":{"line":68,"column":3}},"11":{"start":{"line":25,"column":2},"end":{"line":67,"column":3}},"12":{"start":{"line":26,"column":26},"end":{"line":31,"column":5}},"13":{"start":{"line":33,"column":4},"end":{"line":35,"column":5}},"14":{"start":{"line":34,"column":6},"end":{"line":34,"column":55}},"15":{"start":{"line":37,"column":26},"end":{"line":42,"column":5}},"16":{"start":{"line":44,"column":27},"end":{"line":52,"column":5}},"17":{"start":{"line":54,"column":20},"end":{"line":54,"column":41}},"18":{"start":{"line":56,"column":4},"end":{"line":56,"column":69}},"19":{"start":{"line":56,"column":57},"end":{"line":56,"column":67}},"20":{"start":{"line":58,"column":4},"end":{"line":60,"column":6}},"21":{"start":{"line":59,"column":18},"end":{"line":59,"column":35}},"22":{"start":{"line":62,"column":4},"end":{"line":64,"column":7}},"23":{"start":{"line":66,"column":4},"end":{"line":66,"column":21}},"24":{"start":{"line":70,"column":0},"end":{"line":92,"column":3}},"25":{"start":{"line":71,"column":2},"end":{"line":91,"column":3}},"26":{"start":{"line":72,"column":34},"end":{"line":72,"column":42}},"27":{"start":{"line":74,"column":17},"end":{"line":77,"column":6}},"28":{"start":{"line":79,"column":19},"end":{"line":84,"column":5}},"29":{"start":{"line":86,"column":4},"end":{"line":88,"column":7}},"30":{"start":{"line":90,"column":4},"end":{"line":90,"column":21}},"31":{"start":{"line":94,"column":0},"end":{"line":117,"column":3}},"32":{"start":{"line":95,"column":2},"end":{"line":116,"column":3}},"33":{"start":{"line":96,"column":34},"end":{"line":96,"column":42}},"34":{"start":{"line":98,"column":19},"end":{"line":105,"column":5}},"35":{"start":{"line":107,"column":4},"end":{"line":109,"column":5}},"36":{"start":{"line":108,"column":6},"end":{"line":108,"column":55}},"37":{"start":{"line":111,"column":4},"end":{"line":113,"column":7}},"38":{"start":{"line":115,"column":4},"end":{"line":115,"column":21}},"39":{"start":{"line":119,"column":0},"end":{"line":138,"column":3}},"40":{"start":{"line":120,"column":2},"end":{"line":137,"column":3}},"41":{"start":{"line":121,"column":19},"end":{"line":126,"column":5}},"42":{"start":{"line":128,"column":4},"end":{"line":130,"column":5}},"43":{"start":{"line":129,"column":6},"end":{"line":129,"column":55}},"44":{"start":{"line":132,"column":4},"end":{"line":134,"column":7}},"45":{"start":{"line":136,"column":4},"end":{"line":136,"column":21}},"46":{"start":{"line":141,"column":0},"end":{"line":141,"column":24}}},"fnMap":{"0":{"name":"(anonymous_0)","decl":{"start":{"line":8,"column":16},"end":{"line":8,"column":17}},"loc":{"start":{"line":8,"column":47},"end":{"line":22,"column":1}},"line":8},"1":{"name":"(anonymous_1)","decl":{"start":{"line":24,"column":21},"end":{"line":24,"column":22}},"loc":{"start":{"line":24,"column":52},"end":{"line":68,"column":1}},"line":24},"2":{"name":"(anonymous_2)","decl":{"start":{"line":56,"column":46},"end":{"line":56,"column":47}},"loc":{"start":{"line":56,"column":57},"end":{"line":56,"column":67}},"line":56},"3":{"name":"(anonymous_3)","decl":{"start":{"line":59,"column":6},"end":{"line":59,"column":7}},"loc":{"start":{"line":59,"column":18},"end":{"line":59,"column":35}},"line":59},"4":{"name":"(anonymous_4)","decl":{"start":{"line":70,"column":17},"end":{"line":70,"column":18}},"loc":{"start":{"line":70,"column":48},"end":{"line":92,"column":1}},"line":70},"5":{"name":"(anonymous_5)","decl":{"start":{"line":94,"column":21},"end":{"line":94,"column":22}},"loc":{"start":{"line":94,"column":52},"end":{"line":117,"column":1}},"line":94},"6":{"name":"(anonymous_6)","decl":{"start":{"line":119,"column":24},"end":{"line":119,"column":25}},"loc":{"start":{"line":119,"column":55},"end":{"line":138,"column":1}},"line":119}},"branchMap":{"0":{"loc":{"start":{"line":33,"column":4},"end":{"line":35,"column":5}},"type":"if","locations":[{"start":{"line":33,"column":4},"end":{"line":35,"column":5}},{"start":{},"end":{}}],"line":33},"1":{"loc":{"start":{"line":107,"column":4},"end":{"line":109,"column":5}},"type":"if","locations":[{"start":{"line":107,"column":4},"end":{"line":109,"column":5}},{"start":{},"end":{}}],"line":107},"2":{"loc":{"start":{"line":128,"column":4},"end":{"line":130,"column":5}},"type":"if","locations":[{"start":{"line":128,"column":4},"end":{"line":130,"column":5}},{"start":{},"end":{}}],"line":128}},"s":{"0":3,"1":3,"2":3,"3":3,"4":3,"5":3,"6":1,"7":1,"8":1,"9":0,"10":3,"11":3,"12":3,"13":3,"14":1,"15":2,"16":2,"17":2,"18":2,"19":9,"20":2,"21":5,"22":2,"23":1,"24":3,"25":1,"26":1,"27":1,"28":1,"29":1,"30":0,"31":3,"32":1,"33":1,"34":1,"35":1,"36":0,"37":1,"38":0,"39":3,"40":1,"41":1,"42":1,"43":0,"44":1,"45":0,"46":3},"f":{"0":1,"1":3,"2":9,"3":5,"4":1,"5":1,"6":1},"b":{"0":[1,2],"1":[0,1],"2":[0,1]},"_coverageSchema":"1a1c01bbd47fc00a2c39e90264f33305004495a9","hash":"f290ee8dc1cb3ccaca1ef33091735e983c3d68d0"}
,"C:\\Users\\HP\\OneDrive\\Desktop\\Evee\\SpringBoard\\express-biztime\\routes\\industries.js": {"path":"C:\\Users\\HP\\OneDrive\\Desktop\\Evee\\SpringBoard\\express-biztime\\routes\\industries.js","statementMap":{"0":{"start":{"line":1,"column":16},"end":{"line":1,"column":34}},"1":{"start":{"line":2,"column":11},"end":{"line":2,"column":27}},"2":{"start":{"line":3,"column":21},"end":{"line":3,"column":47}},"3":{"start":{"line":5,"column":15},"end":{"line":5,"column":35}},"4":{"start":{"line":9,"column":0},"end":{"line":32,"column":3}},"5":{"start":{"line":10,"column":2},"end":{"line":31,"column":3}},"6":{"start":{"line":11,"column":19},"end":{"line":24,"column":5}},"7":{"start":{"line":26,"column":4},"end":{"line":28,"column":7}},"8":{"start":{"line":30,"column":4},"end":{"line":30,"column":21}},"9":{"start":{"line":36,"column":0},"end":{"line":53,"column":3}},"10":{"start":{"line":37,"column":2},"end":{"line":52,"column":3}},"11":{"start":{"line":38,"column":31},"end":{"line":38,"column":39}},"12":{"start":{"line":40,"column":19},"end":{"line":45,"column":5}},"13":{"start":{"line":47,"column":4},"end":{"line":49,"column":7}},"14":{"start":{"line":51,"column":4},"end":{"line":51,"column":21}},"15":{"start":{"line":57,"column":0},"end":{"line":95,"column":3}},"16":{"start":{"line":58,"column":2},"end":{"line":94,"column":3}},"17":{"start":{"line":59,"column":42},"end":{"line":59,"column":52}},"18":{"start":{"line":61,"column":27},"end":{"line":66,"column":5}},"19":{"start":{"line":68,"column":4},"end":{"line":70,"column":5}},"20":{"start":{"line":69,"column":6},"end":{"line":69,"column":56}},"21":{"start":{"line":72,"column":26},"end":{"line":77,"column":5}},"22":{"start":{"line":79,"column":4},"end":{"line":81,"column":5}},"23":{"start":{"line":80,"column":6},"end":{"line":80,"column":55}},"24":{"start":{"line":83,"column":4},"end":{"line":87,"column":6}},"25":{"start":{"line":89,"column":4},"end":{"line":91,"column":7}},"26":{"start":{"line":93,"column":4},"end":{"line":93,"column":21}},"27":{"start":{"line":98,"column":0},"end":{"line":98,"column":24}}},"fnMap":{"0":{"name":"(anonymous_0)","decl":{"start":{"line":9,"column":16},"end":{"line":9,"column":17}},"loc":{"start":{"line":9,"column":47},"end":{"line":32,"column":1}},"line":9},"1":{"name":"(anonymous_1)","decl":{"start":{"line":36,"column":17},"end":{"line":36,"column":18}},"loc":{"start":{"line":36,"column":48},"end":{"line":53,"column":1}},"line":36},"2":{"name":"(anonymous_2)","decl":{"start":{"line":57,"column":53},"end":{"line":57,"column":54}},"loc":{"start":{"line":57,"column":84},"end":{"line":95,"column":1}},"line":57}},"branchMap":{"0":{"loc":{"start":{"line":68,"column":4},"end":{"line":70,"column":5}},"type":"if","locations":[{"start":{"line":68,"column":4},"end":{"line":70,"column":5}},{"start":{},"end":{}}],"line":68},"1":{"loc":{"start":{"line":79,"column":4},"end":{"line":81,"column":5}},"type":"if","locations":[{"start":{"line":79,"column":4},"end":{"line":81,"column":5}},{"start":{},"end":{}}],"line":79}},"s":{"0":3,"1":3,"2":3,"3":3,"4":3,"5":2,"6":2,"7":2,"8":0,"9":3,"10":1,"11":1,"12":1,"13":1,"14":0,"15":3,"16":1,"17":1,"18":1,"19":1,"20":0,"21":1,"22":1,"23":0,"24":1,"25":1,"26":0,"27":3},"f":{"0":2,"1":1,"2":1},"b":{"0":[0,1],"1":[0,1]},"_coverageSchema":"1a1c01bbd47fc00a2c39e90264f33305004495a9","hash":"fff6f1c799a8b94f2da20435ea7f1bc623c94d8a"}
,"C:\\Users\\HP\\OneDrive\\Desktop\\Evee\\SpringBoard\\express-biztime\\routes\\invoices.js": {"path":"C:\\Users\\HP\\OneDrive\\Desktop\\Evee\\SpringBoard\\express-biztime\\routes\\invoices.js","statementMap":{"0":{"start":{"line":1,"column":16},"end":{"line":1,"column":34}},"1":{"start":{"line":2,"column":11},"end":{"line":2,"column":27}},"2":{"start":{"line":3,"column":21},"end":{"line":3,"column":47}},"3":{"start":{"line":5,"column":15},"end":{"line":5,"column":35}},"4":{"start":{"line":9,"column":0},"end":{"line":23,"column":3}},"5":{"start":{"line":10,"column":2},"end":{"line":22,"column":3}},"6":{"start":{"line":11,"column":19},"end":{"line":15,"column":5}},"7":{"start":{"line":17,"column":4},"end":{"line":19,"column":7}},"8":{"start":{"line":21,"column":4},"end":{"line":21,"column":21}},"9":{"start":{"line":27,"column":0},"end":{"line":58,"column":3}},"10":{"start":{"line":28,"column":2},"end":{"line":57,"column":3}},"11":{"start":{"line":29,"column":26},"end":{"line":34,"column":5}},"12":{"start":{"line":36,"column":4},"end":{"line":38,"column":5}},"13":{"start":{"line":37,"column":6},"end":{"line":37,"column":55}},"14":{"start":{"line":40,"column":20},"end":{"line":40,"column":41}},"15":{"start":{"line":42,"column":26},"end":{"line":47,"column":5}},"16":{"start":{"line":49,"column":4},"end":{"line":49,"column":44}},"17":{"start":{"line":50,"column":4},"end":{"line":50,"column":29}},"18":{"start":{"line":52,"column":4},"end":{"line":54,"column":7}},"19":{"start":{"line":56,"column":4},"end":{"line":56,"column":21}},"20":{"start":{"line":62,"column":0},"end":{"line":79,"column":3}},"21":{"start":{"line":63,"column":2},"end":{"line":78,"column":3}},"22":{"start":{"line":64,"column":31},"end":{"line":64,"column":39}},"23":{"start":{"line":66,"column":19},"end":{"line":71,"column":5}},"24":{"start":{"line":73,"column":4},"end":{"line":75,"column":7}},"25":{"start":{"line":77,"column":4},"end":{"line":77,"column":21}},"26":{"start":{"line":83,"column":0},"end":{"line":124,"column":3}},"27":{"start":{"line":84,"column":2},"end":{"line":123,"column":3}},"28":{"start":{"line":85,"column":26},"end":{"line":85,"column":34}},"29":{"start":{"line":87,"column":26},"end":{"line":92,"column":5}},"30":{"start":{"line":94,"column":4},"end":{"line":96,"column":5}},"31":{"start":{"line":95,"column":6},"end":{"line":95,"column":55}},"32":{"start":{"line":98,"column":27},"end":{"line":98,"column":48}},"33":{"start":{"line":100,"column":19},"end":{"line":100,"column":43}},"34":{"start":{"line":102,"column":4},"end":{"line":106,"column":5}},"35":{"start":{"line":103,"column":6},"end":{"line":103,"column":28}},"36":{"start":{"line":104,"column":11},"end":{"line":106,"column":5}},"37":{"start":{"line":105,"column":6},"end":{"line":105,"column":22}},"38":{"start":{"line":108,"column":19},"end":{"line":116,"column":5}},"39":{"start":{"line":118,"column":4},"end":{"line":120,"column":7}},"40":{"start":{"line":122,"column":4},"end":{"line":122,"column":21}},"41":{"start":{"line":128,"column":0},"end":{"line":147,"column":3}},"42":{"start":{"line":129,"column":2},"end":{"line":146,"column":3}},"43":{"start":{"line":130,"column":19},"end":{"line":135,"column":5}},"44":{"start":{"line":137,"column":4},"end":{"line":139,"column":5}},"45":{"start":{"line":138,"column":6},"end":{"line":138,"column":55}},"46":{"start":{"line":141,"column":4},"end":{"line":143,"column":7}},"47":{"start":{"line":145,"column":4},"end":{"line":145,"column":21}},"48":{"start":{"line":150,"column":0},"end":{"line":150,"column":24}}},"fnMap":{"0":{"name":"(anonymous_0)","decl":{"start":{"line":9,"column":16},"end":{"line":9,"column":17}},"loc":{"start":{"line":9,"column":47},"end":{"line":23,"column":1}},"line":9},"1":{"name":"(anonymous_1)","decl":{"start":{"line":27,"column":19},"end":{"line":27,"column":20}},"loc":{"start":{"line":27,"column":50},"end":{"line":58,"column":1}},"line":27},"2":{"name":"(anonymous_2)","decl":{"start":{"line":62,"column":17},"end":{"line":62,"column":18}},"loc":{"start":{"line":62,"column":48},"end":{"line":79,"column":1}},"line":62},"3":{"name":"(anonymous_3)","decl":{"start":{"line":83,"column":19},"end":{"line":83,"column":20}},"loc":{"start":{"line":83,"column":50},"end":{"line":124,"column":1}},"line":83},"4":{"name":"(anonymous_4)","decl":{"start":{"line":128,"column":22},"end":{"line":128,"column":23}},"loc":{"start":{"line":128,"column":53},"end":{"line":147,"column":1}},"line":128}},"branchMap":{"0":{"loc":{"start":{"line":36,"column":4},"end":{"line":38,"column":5}},"type":"if","locations":[{"start":{"line":36,"column":4},"end":{"line":38,"column":5}},{"start":{},"end":{}}],"line":36},"1":{"loc":{"start":{"line":94,"column":4},"end":{"line":96,"column":5}},"type":"if","locations":[{"start":{"line":94,"column":4},"end":{"line":96,"column":5}},{"start":{},"end":{}}],"line":94},"2":{"loc":{"start":{"line":102,"column":4},"end":{"line":106,"column":5}},"type":"if","locations":[{"start":{"line":102,"column":4},"end":{"line":106,"column":5}},{"start":{"line":104,"column":11},"end":{"line":106,"column":5}}],"line":102},"3":{"loc":{"start":{"line":102,"column":8},"end":{"line":102,"column":54}},"type":"binary-expr","locations":[{"start":{"line":102,"column":8},"end":{"line":102,"column":21}},{"start":{"line":102,"column":25},"end":{"line":102,"column":54}}],"line":102},"4":{"loc":{"start":{"line":104,"column":11},"end":{"line":106,"column":5}},"type":"if","locations":[{"start":{"line":104,"column":11},"end":{"line":106,"column":5}},{"start":{},"end":{}}],"line":104},"5":{"loc":{"start":{"line":104,"column":15},"end":{"line":104,"column":61}},"type":"binary-expr","locations":[{"start":{"line":104,"column":15},"end":{"line":104,"column":29}},{"start":{"line":104,"column":33},"end":{"line":104,"column":61}}],"line":104},"6":{"loc":{"start":{"line":137,"column":4},"end":{"line":139,"column":5}},"type":"if","locations":[{"start":{"line":137,"column":4},"end":{"line":139,"column":5}},{"start":{},"end":{}}],"line":137}},"s":{"0":3,"1":3,"2":3,"3":3,"4":3,"5":1,"6":1,"7":1,"8":0,"9":3,"10":2,"11":2,"12":2,"13":1,"14":1,"15":1,"16":1,"17":1,"18":1,"19":1,"20":3,"21":1,"22":1,"23":1,"24":1,"25":0,"26":3,"27":2,"28":2,"29":2,"30":2,"31":0,"32":2,"33":2,"34":2,"35":1,"36":1,"37":1,"38":2,"39":2,"40":0,"41":3,"42":1,"43":1,"44":1,"45":0,"46":1,"47":0,"48":3},"f":{"0":1,"1":2,"2":1,"3":2,"4":1},"b":{"0":[1,1],"1":[0,2],"2":[1,1],"3":[2,1],"4":[1,0],"5":[1,1],"6":[0,1]},"_coverageSchema":"1a1c01bbd47fc00a2c39e90264f33305004495a9","hash":"71ec1fd063ce526e14aa2843a9ab28caa7bd81b0"}
}
