TN:
SF:app.js
FN:27,(anonymous_0)
FN:35,(anonymous_1)
FNF:2
FNH:1
FNDA:0,(anonymous_0)
FNDA:2,(anonymous_1)
DA:6,3
DA:7,3
DA:9,3
DA:10,3
DA:11,3
DA:13,3
DA:15,3
DA:20,3
DA:21,3
DA:22,3
DA:27,3
DA:28,0
DA:29,0
DA:35,3
DA:36,2
DA:38,2
DA:45,3
LF:17
LH:15
BRDA:36,0,0,2
BRDA:36,0,1,0
BRF:2
BRH:1
end_of_record
TN:
SF:db.js
FNF:0
FNH:0
DA:3,3
DA:5,3
DA:13,3
DA:15,3
LF:4
LH:4
BRF:0
BRH:0
end_of_record
TN:
SF:expressError.js
FN:8,(anonymous_0)
FNF:1
FNH:1
FNDA:2,(anonymous_0)
DA:9,2
DA:10,2
DA:11,2
DA:12,2
DA:17,3
LF:5
LH:5
BRF:0
BRH:0
end_of_record
TN:
SF:routes\companies.js
FN:8,(anonymous_0)
FN:24,(anonymous_1)
FN:56,(anonymous_2)
FN:59,(anonymous_3)
FN:70,(anonymous_4)
FN:94,(anonymous_5)
FN:119,(anonymous_6)
FNF:7
FNH:7
FNDA:1,(anonymous_0)
FNDA:3,(anonymous_1)
FNDA:9,(anonymous_2)
FNDA:5,(anonymous_3)
FNDA:1,(anonymous_4)
FNDA:1,(anonymous_5)
FNDA:1,(anonymous_6)
DA:1,3
DA:2,3
DA:3,3
DA:4,3
DA:6,3
DA:8,3
DA:9,1
DA:10,1
DA:16,1
DA:20,0
DA:24,3
DA:25,3
DA:26,3
DA:33,3
DA:34,1
DA:37,2
DA:44,2
DA:54,2
DA:56,9
DA:58,2
DA:59,5
DA:62,2
DA:66,1
DA:70,3
DA:71,1
DA:72,1
DA:74,1
DA:79,1
DA:86,1
DA:90,0
DA:94,3
DA:95,1
DA:96,1
DA:98,1
DA:107,1
DA:108,0
DA:111,1
DA:115,0
DA:119,3
DA:120,1
DA:121,1
DA:128,1
DA:129,0
DA:132,1
DA:136,0
DA:141,3
LF:46
LH:40
BRDA:33,0,0,1
BRDA:33,0,1,2
BRDA:107,1,0,0
BRDA:107,1,1,1
BRDA:128,2,0,0
BRDA:128,2,1,1
BRF:6
BRH:4
end_of_record
TN:
SF:routes\industries.js
FN:9,(anonymous_0)
FN:36,(anonymous_1)
FN:57,(anonymous_2)
FNF:3
FNH:3
FNDA:2,(anonymous_0)
FNDA:1,(anonymous_1)
FNDA:1,(anonymous_2)
DA:1,3
DA:2,3
DA:3,3
DA:5,3
DA:9,3
DA:10,2
DA:11,2
DA:26,2
DA:30,0
DA:36,3
DA:37,1
DA:38,1
DA:40,1
DA:47,1
DA:51,0
DA:57,3
DA:58,1
DA:59,1
DA:61,1
DA:68,1
DA:69,0
DA:72,1
DA:79,1
DA:80,0
DA:83,1
DA:89,1
DA:93,0
DA:98,3
LF:28
LH:23
BRDA:68,0,0,0
BRDA:68,0,1,1
BRDA:79,1,0,0
BRDA:79,1,1,1
BRF:4
BRH:2
end_of_record
TN:
SF:routes\invoices.js
FN:9,(anonymous_0)
FN:27,(anonymous_1)
FN:62,(anonymous_2)
FN:83,(anonymous_3)
FN:128,(anonymous_4)
FNF:5
FNH:5
FNDA:1,(anonymous_0)
FNDA:2,(anonymous_1)
FNDA:1,(anonymous_2)
FNDA:2,(anonymous_3)
FNDA:1,(anonymous_4)
DA:1,3
DA:2,3
DA:3,3
DA:5,3
DA:9,3
DA:10,1
DA:11,1
DA:17,1
DA:21,0
DA:27,3
DA:28,2
DA:29,2
DA:36,2
DA:37,1
DA:40,1
DA:42,1
DA:49,1
DA:50,1
DA:52,1
DA:56,1
DA:62,3
DA:63,1
DA:64,1
DA:66,1
DA:73,1
DA:77,0
DA:83,3
DA:84,2
DA:85,2
DA:87,2
DA:94,2
DA:95,0
DA:98,2
DA:100,2
DA:102,2
DA:103,1
DA:104,1
DA:105,1
DA:108,2
DA:118,2
DA:122,0
DA:128,3
DA:129,1
DA:130,1
DA:137,1
DA:138,0
DA:141,1
DA:145,0
DA:150,3
LF:49
LH:43
BRDA:36,0,0,1
BRDA:36,0,1,1
BRDA:94,1,0,0
BRDA:94,1,1,2
BRDA:102,2,0,1
BRDA:102,2,1,1
BRDA:102,3,0,2
BRDA:102,3,1,1
BRDA:104,4,0,1
BRDA:104,4,1,0
BRDA:104,5,0,1
BRDA:104,5,1,1
BRDA:137,6,0,0
BRDA:137,6,1,1
BRF:14
BRH:11
end_of_record
